[0.076s] Invoking command in '/home/olaya/ros2_ws/src/imc_ros/build/imc_ros_bridge': CMAKE_PREFIX_PATH=${CMAKE_PREFIX_PATH}:/opt/ros/humble /usr/bin/cmake --build /home/olaya/ros2_ws/src/imc_ros/build/imc_ros_bridge -- -j16 -l16
[0.162s] -- Found ament_cmake: 1.3.5 (/opt/ros/humble/share/ament_cmake/cmake)
[0.687s] -- Found rclcpp: 16.0.5 (/opt/ros/humble/share/rclcpp/cmake)
[0.800s] -- Found rosidl_generator_c: 3.1.5 (/opt/ros/humble/share/rosidl_generator_c/cmake)
[0.809s] -- Found rosidl_adapter: 3.1.5 (/opt/ros/humble/share/rosidl_adapter/cmake)
[0.834s] -- Found rosidl_generator_cpp: 3.1.5 (/opt/ros/humble/share/rosidl_generator_cpp/cmake)
[0.878s] -- Using all available rosidl_typesupport_c: rosidl_typesupport_fastrtps_c;rosidl_typesupport_introspection_c
[0.939s] -- Using all available rosidl_typesupport_cpp: rosidl_typesupport_fastrtps_cpp;rosidl_typesupport_introspection_cpp
[1.156s] -- Found rmw_implementation_cmake: 6.1.1 (/opt/ros/humble/share/rmw_implementation_cmake/cmake)
[1.161s] -- Found rmw_fastrtps_cpp: 6.2.3 (/opt/ros/humble/share/rmw_fastrtps_cpp/cmake)
[1.586s] -- Using RMW implementation 'rmw_fastrtps_cpp' as default
[2.213s] -- Found imc_ros_msgs: 0.0.0 (/home/olaya/ros2_ws/src/imc_ros/install/imc_ros_msgs/share/imc_ros_msgs/cmake)
[3.127s] -- Found tf2: 0.25.3 (/opt/ros/humble/share/tf2/cmake)
[3.160s] -- Found tf2_ros: 0.25.3 (/opt/ros/humble/share/tf2_ros/cmake)
[4.436s] -- Found tf2_geometry_msgs: 0.25.3 (/opt/ros/humble/share/tf2_geometry_msgs/cmake)
[4.452s] -- Found eigen3_cmake_module: 0.1.1 (/opt/ros/humble/share/eigen3_cmake_module/cmake)
[4.457s] -- Ensuring Eigen3 include directory is part of orocos-kdl CMake target
[4.516s] -- Found ament_lint_auto: 0.12.7 (/opt/ros/humble/share/ament_lint_auto/cmake)
[5.263s] -- Added test 'cppcheck' to perform static code analysis on C / C++ code
[5.295s] -- Configured cppcheck include dirs: /home/olaya/ros2_ws/src/imc_ros/imc_ros_bridge/include;/home/olaya/ros2_ws/src/imc_ros/imc_ros_bridge/include/imc_to_ros;/home/olaya/ros2_ws/src/imc_ros/imc_ros_bridge/include/imc_ros_bridge/ros_to_imc;/home/olaya/ros2_ws/src/imc_ros/imc_ros_bridge/include/imc_tcp_link;/home/olaya/ros2_ws/src/imc_ros/imc_ros_bridge/include/imc_udp_link;/home/olaya/ros2_ws/src/imc_ros/imc_ros_bridge/external/imc-cxx;/home/olaya/ros2_ws/src/imc_ros/imc_ros_bridge/external/md5;$<BUILD_INTERFACE:/home/olaya/ros2_ws/src/imc_ros/imc_ros_bridge/include>
[5.295s] -- Configured cppcheck exclude dirs and/or files: 
[5.309s] -- Added test 'lint_cmake' to check CMake code style
[5.354s] -- Added test 'uncrustify' to check C / C++ code style
[5.354s] -- Configured uncrustify additional arguments: 
[5.360s] -- Added test 'xmllint' to check XML markup files
[5.364s] -- Configuring done
[7.945s] -- Generating done
[7.964s] -- Build files have been written to: /home/olaya/ros2_ws/src/imc_ros/build/imc_ros_bridge
[8.075s] [35m[1mConsolidate compiler generated dependencies of target md5[0m
[8.078s] [35m[1mConsolidate compiler generated dependencies of target imc_factory[0m
[8.083s] [35m[1mConsolidate compiler generated dependencies of target ros_to_imc_goto[0m
[8.088s] [35m[1mConsolidate compiler generated dependencies of target imc_to_ros_heartbeat[0m
[8.089s] [35m[1mConsolidate compiler generated dependencies of target ros_to_imc_gpsfix[0m
[8.090s] [35m[1mConsolidate compiler generated dependencies of target imc_to_ros_goto[0m
[8.091s] [35m[1mConsolidate compiler generated dependencies of target imc_to_ros_abort[0m
[8.101s] [35m[1mConsolidate compiler generated dependencies of target ros_to_imc_heartbeat[0m
[8.106s] [35m[1mConsolidate compiler generated dependencies of target ros_to_imc_gpsnavdata[0m
[8.130s] [  1%] [32mBuilding CXX object CMakeFiles/ros_to_imc_plancontrolstate.dir/src/ros_to_imc/PlanControlState.cpp.o[0m
[8.133s] [  3%] [32mBuilding CXX object CMakeFiles/imc_to_ros_plancontrol.dir/src/imc_to_ros/PlanControl.cpp.o[0m
[8.136s] [  5%] [32mBuilding CXX object CMakeFiles/ros_to_imc_remotestate.dir/src/ros_to_imc/RemoteState.cpp.o[0m
[8.136s] [  9%] Built target md5
[8.150s] [ 11%] [32mBuilding CXX object CMakeFiles/imc_to_ros_plandb.dir/src/imc_to_ros/PlanDB.cpp.o[0m
[8.154s] [ 13%] [32mBuilding CXX object CMakeFiles/ros_to_imc_vehiclestate.dir/src/ros_to_imc/VehicleState.cpp.o[0m
[8.166s] [ 15%] [32mBuilding CXX object CMakeFiles/ros_to_imc_estimatedstate.dir/src/ros_to_imc/EstimatedState.cpp.o[0m
[8.184s] [ 19%] Built target imc_factory
[8.184s] [ 21%] [32mBuilding CXX object CMakeFiles/ros_to_imc_plandb.dir/src/ros_to_imc/PlanDB.cpp.o[0m
[8.253s] [ 25%] Built target ros_to_imc_goto
[8.275s] [ 26%] [32mBuilding CXX object CMakeFiles/ros_to_imc_sonardata.dir/src/ros_to_imc/SonarData.cpp.o[0m
[8.276s] [ 30%] Built target ros_to_imc_gpsfix
[8.276s] [ 34%] Built target imc_to_ros_abort
[8.287s] [ 38%] Built target imc_to_ros_goto
[8.305s] [ 42%] Built target imc_to_ros_heartbeat
[8.310s] [ 46%] Built target ros_to_imc_heartbeat
[8.319s] [ 48%] [32mBuilding CXX object CMakeFiles/ros_to_imc_DesiredHeading.dir/src/ros_to_imc/DesiredHeading.cpp.o[0m
[8.336s] [ 51%] Built target ros_to_imc_gpsnavdata
[8.376s] [ 53%] [32mBuilding CXX object CMakeFiles/ros_to_imc_DesiredRoll.dir/src/ros_to_imc/DesiredRoll.cpp.o[0m
[8.380s] [ 55%] [32mBuilding CXX object CMakeFiles/ros_to_imc_DesiredHeadingRate.dir/src/ros_to_imc/DesiredHeadingRate.cpp.o[0m
[8.381s] [35m[1mConsolidate compiler generated dependencies of target udp_link[0m
[8.396s] [ 57%] [32mBuilding CXX object CMakeFiles/ros_to_imc_DesiredSpeed.dir/src/ros_to_imc/DesiredSpeed.cpp.o[0m
[8.410s] [ 59%] [32mBuilding CXX object CMakeFiles/ros_to_imc_DesiredZ.dir/src/ros_to_imc/DesiredZ.cpp.o[0m
[8.410s] [ 61%] [32mBuilding CXX object CMakeFiles/ros_to_imc_DesiredPitch.dir/src/ros_to_imc/DesiredPitch.cpp.o[0m
[8.559s] [ 63%] [32mBuilding CXX object CMakeFiles/udp_link.dir/src/udp_link.cpp.o[0m
[15.036s] In file included from [01m[K/home/olaya/ros2_ws/src/imc_ros/imc_ros_bridge/src/ros_to_imc/SonarData.cpp:14[m[K:
[15.037s] [01m[K/home/olaya/ros2_ws/src/imc_ros/imc_ros_bridge/include/imc_ros_bridge/ros_to_imc/SonarData.hpp:18:10:[m[K [01;31m[Kfatal error: [m[Kimc_ros_msgs/msg/sonar_data.hpp: No such file or directory
[15.037s]    18 | #include [01;31m[K"imc_ros_msgs/msg/sonar_data.hpp"[m[K
[15.038s]       |          [01;31m[K^~~~~~~~~~~~~~~~~~~~~~~~~~~~~~~~~~~[m[K
[15.041s] compilation terminated.
[15.084s] gmake[2]: *** [CMakeFiles/ros_to_imc_sonardata.dir/build.make:76: CMakeFiles/ros_to_imc_sonardata.dir/src/ros_to_imc/SonarData.cpp.o] Error 1
[15.085s] gmake[1]: *** [CMakeFiles/Makefile2:656: CMakeFiles/ros_to_imc_sonardata.dir/all] Error 2
[15.085s] gmake[1]: *** Waiting for unfinished jobs....
[15.308s] In file included from [01m[K/home/olaya/ros2_ws/src/imc_ros/imc_ros_bridge/src/ros_to_imc/DesiredPitch.cpp:14[m[K:
[15.308s] [01m[K/home/olaya/ros2_ws/src/imc_ros/imc_ros_bridge/include/imc_ros_bridge/ros_to_imc/DesiredPitch.h:18:10:[m[K [01;31m[Kfatal error: [m[Kimc_ros_msgs/msg/desired_pitch.hpp: No such file or directory
[15.309s]    18 | #include [01;31m[K"imc_ros_msgs/msg/desired_pitch.hpp"[m[K
[15.309s]       |          [01;31m[K^~~~~~~~~~~~~~~~~~~~~~~~~~~~~~~~~~~~~~[m[K
[15.310s] compilation terminated.
[15.318s] In file included from [01m[K/home/olaya/ros2_ws/src/imc_ros/imc_ros_bridge/src/ros_to_imc/VehicleState.cpp:14[m[K:
[15.319s] [01m[K/home/olaya/ros2_ws/src/imc_ros/imc_ros_bridge/include/imc_ros_bridge/ros_to_imc/VehicleState.hpp:18:10:[m[K [01;31m[Kfatal error: [m[Kimc_ros_msgs/msg/vehicle_state.hpp: No such file or directory
[15.319s]    18 | #include [01;31m[K"imc_ros_msgs/msg/vehicle_state.hpp"[m[K
[15.320s]       |          [01;31m[K^~~~~~~~~~~~~~~~~~~~~~~~~~~~~~~~~~~~~~[m[K
[15.320s] compilation terminated.
[15.362s] gmake[2]: *** [CMakeFiles/ros_to_imc_DesiredPitch.dir/build.make:76: CMakeFiles/ros_to_imc_DesiredPitch.dir/src/ros_to_imc/DesiredPitch.cpp.o] Error 1
[15.363s] gmake[1]: *** [CMakeFiles/Makefile2:734: CMakeFiles/ros_to_imc_DesiredPitch.dir/all] Error 2
[15.376s] gmake[2]: *** [CMakeFiles/ros_to_imc_vehiclestate.dir/build.make:76: CMakeFiles/ros_to_imc_vehiclestate.dir/src/ros_to_imc/VehicleState.cpp.o] Error 1
[15.378s] gmake[1]: *** [CMakeFiles/Makefile2:604: CMakeFiles/ros_to_imc_vehiclestate.dir/all] Error 2
[15.481s] In file included from [01m[K/home/olaya/ros2_ws/src/imc_ros/imc_ros_bridge/src/ros_to_imc/DesiredRoll.cpp:14[m[K:
[15.481s] [01m[K/home/olaya/ros2_ws/src/imc_ros/imc_ros_bridge/include/imc_ros_bridge/ros_to_imc/DesiredRoll.h:18:10:[m[K [01;31m[Kfatal error: [m[Kimc_ros_msgs/msg/desired_roll.hpp: No such file or directory
[15.482s]    18 | #include [01;31m[K"imc_ros_msgs/msg/desired_roll.hpp"[m[K
[15.482s]       |          [01;31m[K^~~~~~~~~~~~~~~~~~~~~~~~~~~~~~~~~~~~~[m[K
[15.483s] compilation terminated.
[15.531s] gmake[2]: *** [CMakeFiles/ros_to_imc_DesiredRoll.dir/build.make:76: CMakeFiles/ros_to_imc_DesiredRoll.dir/src/ros_to_imc/DesiredRoll.cpp.o] Error 1
[15.534s] gmake[1]: *** [CMakeFiles/Makefile2:760: CMakeFiles/ros_to_imc_DesiredRoll.dir/all] Error 2
[15.667s] In file included from [01m[K/home/olaya/ros2_ws/src/imc_ros/imc_ros_bridge/src/ros_to_imc/PlanDB.cpp:14[m[K:
[15.667s] [01m[K/home/olaya/ros2_ws/src/imc_ros/imc_ros_bridge/include/imc_ros_bridge/ros_to_imc/PlanDB.hpp:20:10:[m[K [01;31m[Kfatal error: [m[Kimc_ros_msgs/msg/plan_db.hpp: No such file or directory
[15.668s]    20 | #include [01;31m[K<imc_ros_msgs/msg/plan_db.hpp>[m[K
[15.668s]       |          [01;31m[K^~~~~~~~~~~~~~~~~~~~~~~~~~~~~~~~[m[K
[15.669s] compilation terminated.
[15.702s] gmake[2]: *** [CMakeFiles/ros_to_imc_plandb.dir/build.make:76: CMakeFiles/ros_to_imc_plandb.dir/src/ros_to_imc/PlanDB.cpp.o] Error 1
[15.703s] gmake[1]: *** [CMakeFiles/Makefile2:474: CMakeFiles/ros_to_imc_plandb.dir/all] Error 2
[15.788s] In file included from [01m[K/home/olaya/ros2_ws/src/imc_ros/imc_ros_bridge/src/ros_to_imc/DesiredHeadingRate.cpp:14[m[K:
[15.788s] [01m[K/home/olaya/ros2_ws/src/imc_ros/imc_ros_bridge/include/imc_ros_bridge/ros_to_imc/DesiredHeadingRate.hpp:18:10:[m[K [01;31m[Kfatal error: [m[Kimc_ros_msgs/msg/desired_heading_rate.hpp: No such file or directory
[15.789s]    18 | #include [01;31m[K"imc_ros_msgs/msg/desired_heading_rate.hpp"[m[K
[15.789s]       |          [01;31m[K^~~~~~~~~~~~~~~~~~~~~~~~~~~~~~~~~~~~~~~~~~~~~[m[K
[15.789s] compilation terminated.
[15.797s] In file included from [01m[K/home/olaya/ros2_ws/src/imc_ros/imc_ros_bridge/src/ros_to_imc/RemoteState.cpp:14[m[K:
[15.799s] [01m[K/home/olaya/ros2_ws/src/imc_ros/imc_ros_bridge/include/imc_ros_bridge/ros_to_imc/RemoteState.hpp:18:10:[m[K [01;31m[Kfatal error: [m[Kimc_ros_msgs/msg/remote_state.hpp: No such file or directory
[15.800s]    18 | #include [01;31m[K"imc_ros_msgs/msg/remote_state.hpp"[m[K
[15.800s]       |          [01;31m[K^~~~~~~~~~~~~~~~~~~~~~~~~~~~~~~~~~~~~[m[K
[15.800s] compilation terminated.
[15.838s] gmake[2]: *** [CMakeFiles/ros_to_imc_DesiredHeadingRate.dir/build.make:76: CMakeFiles/ros_to_imc_DesiredHeadingRate.dir/src/ros_to_imc/DesiredHeadingRate.cpp.o] Error 1
[15.838s] gmake[2]: *** [CMakeFiles/ros_to_imc_remotestate.dir/build.make:76: CMakeFiles/ros_to_imc_remotestate.dir/src/ros_to_imc/RemoteState.cpp.o] Error 1
[15.839s] gmake[1]: *** [CMakeFiles/Makefile2:630: CMakeFiles/ros_to_imc_remotestate.dir/all] Error 2
[15.839s] gmake[1]: *** [CMakeFiles/Makefile2:708: CMakeFiles/ros_to_imc_DesiredHeadingRate.dir/all] Error 2
[15.872s] In file included from [01m[K/home/olaya/ros2_ws/src/imc_ros/imc_ros_bridge/src/ros_to_imc/PlanControlState.cpp:14[m[K:
[15.873s] [01m[K/home/olaya/ros2_ws/src/imc_ros/imc_ros_bridge/include/imc_ros_bridge/ros_to_imc/PlanControlState.h:18:10:[m[K [01;31m[Kfatal error: [m[Kimc_ros_msgs/msg/plan_control_state.hpp: No such file or directory
[15.873s]    18 | #include [01;31m[K"imc_ros_msgs/msg/plan_control_state.hpp"[m[K
[15.874s]       |          [01;31m[K^~~~~~~~~~~~~~~~~~~~~~~~~~~~~~~~~~~~~~~~~~~[m[K
[15.874s] compilation terminated.
[15.900s] gmake[2]: *** [CMakeFiles/ros_to_imc_plancontrolstate.dir/build.make:76: CMakeFiles/ros_to_imc_plancontrolstate.dir/src/ros_to_imc/PlanControlState.cpp.o] Error 1
[15.901s] gmake[1]: *** [CMakeFiles/Makefile2:552: CMakeFiles/ros_to_imc_plancontrolstate.dir/all] Error 2
[16.098s] In file included from [01m[K/home/olaya/ros2_ws/src/imc_ros/imc_ros_bridge/src/ros_to_imc/EstimatedState.cpp:14[m[K:
[16.098s] [01m[K/home/olaya/ros2_ws/src/imc_ros/imc_ros_bridge/include/imc_ros_bridge/ros_to_imc/EstimatedState.hpp:18:10:[m[K [01;31m[Kfatal error: [m[Kimc_ros_msgs/msg/estimated_state.hpp: No such file or directory
[16.099s]    18 | #include [01;31m[K"imc_ros_msgs/msg/estimated_state.hpp"[m[K
[16.099s]       |          [01;31m[K^~~~~~~~~~~~~~~~~~~~~~~~~~~~~~~~~~~~~~~~[m[K
[16.099s] compilation terminated.
[16.134s] gmake[2]: *** [CMakeFiles/ros_to_imc_estimatedstate.dir/build.make:76: CMakeFiles/ros_to_imc_estimatedstate.dir/src/ros_to_imc/EstimatedState.cpp.o] Error 1
[16.135s] gmake[1]: *** [CMakeFiles/Makefile2:578: CMakeFiles/ros_to_imc_estimatedstate.dir/all] Error 2
[16.154s] In file included from [01m[K/home/olaya/ros2_ws/src/imc_ros/imc_ros_bridge/src/ros_to_imc/DesiredHeading.cpp:14[m[K:
[16.154s] [01m[K/home/olaya/ros2_ws/src/imc_ros/imc_ros_bridge/include/imc_ros_bridge/ros_to_imc/DesiredHeading.hpp:18:10:[m[K [01;31m[Kfatal error: [m[Kimc_ros_msgs/msg/desired_heading.hpp: No such file or directory
[16.155s]    18 | #include [01;31m[K"imc_ros_msgs/msg/desired_heading.hpp"[m[K
[16.155s]       |          [01;31m[K^~~~~~~~~~~~~~~~~~~~~~~~~~~~~~~~~~~~~~~~[m[K
[16.155s] compilation terminated.
[16.196s] gmake[2]: *** [CMakeFiles/ros_to_imc_DesiredHeading.dir/build.make:76: CMakeFiles/ros_to_imc_DesiredHeading.dir/src/ros_to_imc/DesiredHeading.cpp.o] Error 1
[16.196s] gmake[1]: *** [CMakeFiles/Makefile2:682: CMakeFiles/ros_to_imc_DesiredHeading.dir/all] Error 2
[16.370s] In file included from [01m[K/home/olaya/ros2_ws/src/imc_ros/imc_ros_bridge/src/ros_to_imc/DesiredSpeed.cpp:14[m[K:
[16.370s] [01m[K/home/olaya/ros2_ws/src/imc_ros/imc_ros_bridge/include/imc_ros_bridge/ros_to_imc/DesiredSpeed.hpp:18:10:[m[K [01;31m[Kfatal error: [m[Kimc_ros_msgs/msg/desired_speed.hpp: No such file or directory
[16.371s]    18 | #include [01;31m[K"imc_ros_msgs/msg/desired_speed.hpp"[m[K
[16.371s]       |          [01;31m[K^~~~~~~~~~~~~~~~~~~~~~~~~~~~~~~~~~~~~~[m[K
[16.371s] compilation terminated.
[16.398s] gmake[2]: *** [CMakeFiles/ros_to_imc_DesiredSpeed.dir/build.make:76: CMakeFiles/ros_to_imc_DesiredSpeed.dir/src/ros_to_imc/DesiredSpeed.cpp.o] Error 1
[16.399s] gmake[1]: *** [CMakeFiles/Makefile2:786: CMakeFiles/ros_to_imc_DesiredSpeed.dir/all] Error 2
[16.505s] In file included from [01m[K/home/olaya/ros2_ws/src/imc_ros/imc_ros_bridge/src/ros_to_imc/DesiredZ.cpp:14[m[K:
[16.505s] [01m[K/home/olaya/ros2_ws/src/imc_ros/imc_ros_bridge/include/imc_ros_bridge/ros_to_imc/DesiredZ.hpp:18:10:[m[K [01;31m[Kfatal error: [m[Kimc_ros_msgs/msg/desired_z.hpp: No such file or directory
[16.505s]    18 | #include [01;31m[K"imc_ros_msgs/msg/desired_z.hpp"[m[K
[16.506s]       |          [01;31m[K^~~~~~~~~~~~~~~~~~~~~~~~~~~~~~~~~~[m[K
[16.506s] compilation terminated.
[16.540s] gmake[2]: *** [CMakeFiles/ros_to_imc_DesiredZ.dir/build.make:76: CMakeFiles/ros_to_imc_DesiredZ.dir/src/ros_to_imc/DesiredZ.cpp.o] Error 1
[16.540s] gmake[1]: *** [CMakeFiles/Makefile2:812: CMakeFiles/ros_to_imc_DesiredZ.dir/all] Error 2
[16.564s] In file included from [01m[K/home/olaya/ros2_ws/src/imc_ros/imc_ros_bridge/include/imc_ros_bridge/imc_to_ros/PlanDB.hpp:20[m[K,
[16.564s]                  from [01m[K/home/olaya/ros2_ws/src/imc_ros/imc_ros_bridge/src/imc_to_ros/PlanDB.cpp:17[m[K:
[16.565s] [01m[K/home/olaya/ros2_ws/src/imc_ros/imc_ros_bridge/include/imc_ros_bridge/ros_to_imc/PlanDB.hpp:20:10:[m[K [01;31m[Kfatal error: [m[Kimc_ros_msgs/msg/plan_db.hpp: No such file or directory
[16.565s]    20 | #include [01;31m[K<imc_ros_msgs/msg/plan_db.hpp>[m[K
[16.565s]       |          [01;31m[K^~~~~~~~~~~~~~~~~~~~~~~~~~~~~~~~[m[K
[16.566s] compilation terminated.
[16.590s] gmake[2]: *** [CMakeFiles/imc_to_ros_plandb.dir/build.make:76: CMakeFiles/imc_to_ros_plandb.dir/src/imc_to_ros/PlanDB.cpp.o] Error 1
[16.591s] gmake[1]: *** [CMakeFiles/Makefile2:448: CMakeFiles/imc_to_ros_plandb.dir/all] Error 2
[16.747s] In file included from [01m[K/home/olaya/ros2_ws/src/imc_ros/imc_ros_bridge/src/imc_to_ros/PlanControl.cpp:14[m[K:
[16.748s] [01m[K/home/olaya/ros2_ws/src/imc_ros/imc_ros_bridge/include/imc_ros_bridge/imc_to_ros/PlanControl.h:18:10:[m[K [01;31m[Kfatal error: [m[Kimc_ros_msgs/msg/plan_control.hpp: No such file or directory
[16.748s]    18 | #include [01;31m[K"imc_ros_msgs/msg/plan_control.hpp"[m[K
[16.749s]       |          [01;31m[K^~~~~~~~~~~~~~~~~~~~~~~~~~~~~~~~~~~~~[m[K
[16.749s] compilation terminated.
[16.785s] gmake[2]: *** [CMakeFiles/imc_to_ros_plancontrol.dir/build.make:76: CMakeFiles/imc_to_ros_plancontrol.dir/src/imc_to_ros/PlanControl.cpp.o] Error 1
[16.786s] gmake[1]: *** [CMakeFiles/Makefile2:526: CMakeFiles/imc_to_ros_plancontrol.dir/all] Error 2
[21.198s] In file included from [01m[K/usr/include/boost/smart_ptr/detail/sp_thread_sleep.hpp:22[m[K,
[21.198s]                  from [01m[K/usr/include/boost/smart_ptr/detail/yield_k.hpp:23[m[K,
[21.198s]                  from [01m[K/usr/include/boost/smart_ptr/detail/spinlock_gcc_atomic.hpp:14[m[K,
[21.199s]                  from [01m[K/usr/include/boost/smart_ptr/detail/spinlock.hpp:42[m[K,
[21.199s]                  from [01m[K/usr/include/boost/smart_ptr/detail/spinlock_pool.hpp:25[m[K,
[21.199s]                  from [01m[K/usr/include/boost/smart_ptr/shared_ptr.hpp:29[m[K,
[21.200s]                  from [01m[K/usr/include/boost/shared_ptr.hpp:17[m[K,
[21.200s]                  from [01m[K/usr/include/boost/date_time/time_clock.hpp:17[m[K,
[21.200s]                  from [01m[K/usr/include/boost/date_time/posix_time/posix_time_types.hpp:10[m[K,
[21.200s]                  from [01m[K/usr/include/boost/asio/time_traits.hpp:23[m[K,
[21.200s]                  from [01m[K/usr/include/boost/asio/detail/timer_queue_ptime.hpp:22[m[K,
[21.201s]                  from [01m[K/usr/include/boost/asio/detail/deadline_timer_service.hpp:29[m[K,
[21.201s]                  from [01m[K/usr/include/boost/asio/basic_deadline_timer.hpp:25[m[K,
[21.201s]                  from [01m[K/usr/include/boost/asio.hpp:25[m[K,
[21.202s]                  from [01m[K/home/olaya/ros2_ws/src/imc_ros/imc_ros_bridge/include/imc_udp_link/udp_link.h:17[m[K,
[21.202s]                  from [01m[K/home/olaya/ros2_ws/src/imc_ros/imc_ros_bridge/src/udp_link.cpp:14[m[K:
[21.202s] [01m[K/usr/include/boost/bind.hpp:36:1:[m[K [01;36m[Knote: [m[Kâ€˜[01m[K#pragma message: The practice of declaring the Bind placeholders (_1, _2, ...) in the global namespace is deprecated. Please use <boost/bind/bind.hpp> + using namespace boost::placeholders, or define BOOST_BIND_GLOBAL_PLACEHOLDERS to retain the current behavior.[m[Kâ€™
[21.202s]    36 | [01;36m[KBOOST_PRAGMA_MESSAGE[m[K(
[21.202s]       | [01;36m[K^~~~~~~~~~~~~~~~~~~~[m[K
[28.689s] In file included from [01m[K/home/olaya/ros2_ws/src/imc_ros/imc_ros_bridge/src/udp_link.cpp:14[m[K:
[28.689s] [01m[K/home/olaya/ros2_ws/src/imc_ros/imc_ros_bridge/include/imc_udp_link/udp_link.h:[m[K In constructor â€˜[01m[KUDPLink::UDPLink(std::function<void(IMC::Message*)>, const string&, const string&, int, int)[m[Kâ€™:
[28.689s] [01m[K/home/olaya/ros2_ws/src/imc_ros/imc_ros_bridge/include/imc_udp_link/udp_link.h:46:41:[m[K [01;35m[Kwarning: [m[Kâ€˜[01m[KUDPLink::recv_handler_[m[Kâ€™ will be initialized after [[01;35m[K]8;;https://gcc.gnu.org/onlinedocs/gcc/Warning-Options.html#index-Wreorder-Wreorder]8;;[m[K]
[28.690s]    46 |     std::function<void (IMC::Message*)> [01;35m[Krecv_handler_[m[K;
[28.690s]       |                                         [01;35m[K^~~~~~~~~~~~~[m[K
[28.690s] [01m[K/home/olaya/ros2_ws/src/imc_ros/imc_ros_bridge/include/imc_udp_link/udp_link.h:37:17:[m[K [01;35m[Kwarning: [m[K  â€˜[01m[Kstd::string UDPLink::bridge_addr[m[Kâ€™ [[01;35m[K]8;;https://gcc.gnu.org/onlinedocs/gcc/Warning-Options.html#index-Wreorder-Wreorder]8;;[m[K]
[28.690s]    37 |     std::string [01;35m[Kbridge_addr[m[K;
[28.691s]       |                 [01;35m[K^~~~~~~~~~~[m[K
[28.691s] [01m[K/home/olaya/ros2_ws/src/imc_ros/imc_ros_bridge/src/udp_link.cpp:27:1:[m[K [01;35m[Kwarning: [m[K  when initialized here [[01;35m[K]8;;https://gcc.gnu.org/onlinedocs/gcc/Warning-Options.html#index-Wreorder-Wreorder]8;;[m[K]
[28.692s]    27 | [01;35m[KUDPLink[m[K::UDPLink(std::function<void (IMC::Message*)> recv_handler,
[28.692s]       | [01;35m[K^~~~~~~[m[K
[28.692s] In file included from [01m[K/home/olaya/ros2_ws/src/imc_ros/imc_ros_bridge/src/udp_link.cpp:14[m[K:
[28.693s] [01m[K/home/olaya/ros2_ws/src/imc_ros/imc_ros_bridge/include/imc_udp_link/udp_link.h:56:13:[m[K [01;35m[Kwarning: [m[Kâ€˜[01m[KUDPLink::imc_id[m[Kâ€™ will be initialized after [[01;35m[K]8;;https://gcc.gnu.org/onlinedocs/gcc/Warning-Options.html#index-Wreorder-Wreorder]8;;[m[K]
[28.693s]    56 |         int [01;35m[Kimc_id[m[K;
[28.693s]       |             [01;35m[K^~~~~~[m[K
[28.694s] [01m[K/home/olaya/ros2_ws/src/imc_ros/imc_ros_bridge/include/imc_udp_link/udp_link.h:54:9:[m[K [01;35m[Kwarning: [m[K  â€˜[01m[Kint UDPLink::imc_src[m[Kâ€™ [[01;35m[K]8;;https://gcc.gnu.org/onlinedocs/gcc/Warning-Options.html#index-Wreorder-Wreorder]8;;[m[K]
[28.694s]    54 |     int [01;35m[Kimc_src[m[K = 4;
[28.694s]       |         [01;35m[K^~~~~~~[m[K
[28.694s] [01m[K/home/olaya/ros2_ws/src/imc_ros/imc_ros_bridge/src/udp_link.cpp:27:1:[m[K [01;35m[Kwarning: [m[K  when initialized here [[01;35m[K]8;;https://gcc.gnu.org/onlinedocs/gcc/Warning-Options.html#index-Wreorder-Wreorder]8;;[m[K]
[28.695s]    27 | [01;35m[KUDPLink[m[K::UDPLink(std::function<void (IMC::Message*)> recv_handler,
[28.695s]       | [01;35m[K^~~~~~~[m[K
[28.695s] [01m[K/home/olaya/ros2_ws/src/imc_ros/imc_ros_bridge/src/udp_link.cpp:35:13:[m[K [01;35m[Kwarning: [m[Kunused variable â€˜[01m[Kport[m[Kâ€™ [[01;35m[K]8;;https://gcc.gnu.org/onlinedocs/gcc/Warning-Options.html#index-Wunused-variable-Wunused-variable]8;;[m[K]
[28.695s]    35 |         int [01;35m[Kport[m[K = boost::lexical_cast<int>(bridge_port);
[28.696s]       |             [01;35m[K^~~~[m[K
[28.699s] [01m[K/home/olaya/ros2_ws/src/imc_ros/imc_ros_bridge/src/udp_link.cpp:[m[K In function â€˜[01m[Kvoid handler(const boost::system::error_code&, size_t)[m[Kâ€™:
[28.699s] [01m[K/home/olaya/ros2_ws/src/imc_ros/imc_ros_bridge/src/udp_link.cpp:68:47:[m[K [01;35m[Kwarning: [m[Kunused parameter â€˜[01m[Kerror[m[Kâ€™ [[01;35m[K]8;;https://gcc.gnu.org/onlinedocs/gcc/Warning-Options.html#index-Wunused-parameter-Wunused-parameter]8;;[m[K]
[28.700s]    68 | void handler([01;35m[Kconst boost::system::error_code& error[m[K, size_t bytes_transferred)
[28.700s]       |              [01;35m[K~~~~~~~~~~~~~~~~~~~~~~~~~~~~~~~~~^~~~~[m[K
[28.700s] [01m[K/home/olaya/ros2_ws/src/imc_ros/imc_ros_bridge/src/udp_link.cpp:68:61:[m[K [01;35m[Kwarning: [m[Kunused parameter â€˜[01m[Kbytes_transferred[m[Kâ€™ [[01;35m[K]8;;https://gcc.gnu.org/onlinedocs/gcc/Warning-Options.html#index-Wunused-parameter-Wunused-parameter]8;;[m[K]
[28.701s]    68 | void handler(const boost::system::error_code& error, [01;35m[Ksize_t bytes_transferred[m[K)
[28.701s]       |                                                      [01;35m[K~~~~~~~^~~~~~~~~~~~~~~~~[m[K
[35.666s] [ 65%] [32m[1mLinking CXX static library libudp_link.a[0m
[35.902s] [ 65%] Built target udp_link
[35.905s] gmake: *** [Makefile:146: all] Error 2
[35.912s] Invoked command in '/home/olaya/ros2_ws/src/imc_ros/build/imc_ros_bridge' returned '2': CMAKE_PREFIX_PATH=${CMAKE_PREFIX_PATH}:/opt/ros/humble /usr/bin/cmake --build /home/olaya/ros2_ws/src/imc_ros/build/imc_ros_bridge -- -j16 -l16
