-- Found ament_cmake: 1.3.5 (/opt/ros/humble/share/ament_cmake/cmake)
-- Found rclcpp: 16.0.5 (/opt/ros/humble/share/rclcpp/cmake)
-- Found rosidl_generator_c: 3.1.5 (/opt/ros/humble/share/rosidl_generator_c/cmake)
-- Found rosidl_adapter: 3.1.5 (/opt/ros/humble/share/rosidl_adapter/cmake)
-- Found rosidl_generator_cpp: 3.1.5 (/opt/ros/humble/share/rosidl_generator_cpp/cmake)
-- Using all available rosidl_typesupport_c: rosidl_typesupport_fastrtps_c;rosidl_typesupport_introspection_c
-- Using all available rosidl_typesupport_cpp: rosidl_typesupport_fastrtps_cpp;rosidl_typesupport_introspection_cpp
-- Found rmw_implementation_cmake: 6.1.1 (/opt/ros/humble/share/rmw_implementation_cmake/cmake)
-- Found rmw_fastrtps_cpp: 6.2.3 (/opt/ros/humble/share/rmw_fastrtps_cpp/cmake)
-- Using RMW implementation 'rmw_fastrtps_cpp' as default
-- Found imc_ros_msgs: 0.0.0 (/home/olaya/ros2_ws/src/imc_ros/install/imc_ros_msgs/share/imc_ros_msgs/cmake)
-- Found tf2: 0.25.3 (/opt/ros/humble/share/tf2/cmake)
-- Found tf2_ros: 0.25.3 (/opt/ros/humble/share/tf2_ros/cmake)
-- Found tf2_geometry_msgs: 0.25.3 (/opt/ros/humble/share/tf2_geometry_msgs/cmake)
-- Found eigen3_cmake_module: 0.1.1 (/opt/ros/humble/share/eigen3_cmake_module/cmake)
-- Ensuring Eigen3 include directory is part of orocos-kdl CMake target
-- Found ament_lint_auto: 0.12.7 (/opt/ros/humble/share/ament_lint_auto/cmake)
-- Added test 'cppcheck' to perform static code analysis on C / C++ code
-- Configured cppcheck include dirs: /home/olaya/ros2_ws/src/imc_ros/imc_ros_bridge/include;/home/olaya/ros2_ws/src/imc_ros/imc_ros_bridge/include/imc_to_ros;/home/olaya/ros2_ws/src/imc_ros/imc_ros_bridge/include/imc_ros_bridge/ros_to_imc;/home/olaya/ros2_ws/src/imc_ros/imc_ros_bridge/include/imc_tcp_link;/home/olaya/ros2_ws/src/imc_ros/imc_ros_bridge/include/imc_udp_link;/home/olaya/ros2_ws/src/imc_ros/imc_ros_bridge/external/imc-cxx;/home/olaya/ros2_ws/src/imc_ros/imc_ros_bridge/external/md5;$<BUILD_INTERFACE:/home/olaya/ros2_ws/src/imc_ros/imc_ros_bridge/include>
-- Configured cppcheck exclude dirs and/or files: 
-- Added test 'lint_cmake' to check CMake code style
-- Added test 'uncrustify' to check C / C++ code style
-- Configured uncrustify additional arguments: 
-- Added test 'xmllint' to check XML markup files
-- Configuring done
-- Generating done
-- Build files have been written to: /home/olaya/ros2_ws/src/imc_ros/build/imc_ros_bridge
[35m[1mConsolidate compiler generated dependencies of target imc_factory[0m
[35m[1mConsolidate compiler generated dependencies of target ros_to_imc_goto[0m
[35m[1mConsolidate compiler generated dependencies of target imc_to_ros_abort[0m
[35m[1mConsolidate compiler generated dependencies of target ros_to_imc_gpsfix[0m
[35m[1mConsolidate compiler generated dependencies of target imc_to_ros_heartbeat[0m
[35m[1mConsolidate compiler generated dependencies of target ros_to_imc_heartbeat[0m
[35m[1mConsolidate compiler generated dependencies of target ros_to_imc_gpsnavdata[0m
[35m[1mConsolidate compiler generated dependencies of target md5[0m
[35m[1mConsolidate compiler generated dependencies of target imc_to_ros_goto[0m
[  3%] [32mBuilding CXX object CMakeFiles/imc_to_ros_plandb.dir/src/imc_to_ros/PlanDB.cpp.o[0m
[  5%] [32mBuilding CXX object CMakeFiles/ros_to_imc_vehiclestate.dir/src/ros_to_imc/VehicleState.cpp.o[0m
[  5%] [32mBuilding CXX object CMakeFiles/imc_to_ros_plancontrol.dir/src/imc_to_ros/PlanControl.cpp.o[0m
[  7%] [32mBuilding CXX object CMakeFiles/ros_to_imc_plandb.dir/src/ros_to_imc/PlanDB.cpp.o[0m
[  9%] [32mBuilding CXX object CMakeFiles/ros_to_imc_remotestate.dir/src/ros_to_imc/RemoteState.cpp.o[0m
[ 13%] Built target md5
[ 15%] [32mBuilding CXX object CMakeFiles/ros_to_imc_plancontrolstate.dir/src/ros_to_imc/PlanControlState.cpp.o[0m
[ 17%] [32mBuilding CXX object CMakeFiles/ros_to_imc_estimatedstate.dir/src/ros_to_imc/EstimatedState.cpp.o[0m
[ 21%] Built target imc_factory
[ 25%] Built target ros_to_imc_gpsnavdata
[ 28%] Built target ros_to_imc_gpsfix
[ 32%] Built target imc_to_ros_heartbeat
[ 36%] Built target imc_to_ros_abort
[ 40%] Built target ros_to_imc_heartbeat
[ 42%] [32mBuilding CXX object CMakeFiles/ros_to_imc_sonardata.dir/src/ros_to_imc/SonarData.cpp.o[0m
[ 46%] Built target ros_to_imc_goto
[ 50%] Built target imc_to_ros_goto
[ 51%] [32mBuilding CXX object CMakeFiles/ros_to_imc_DesiredHeading.dir/src/ros_to_imc/DesiredHeading.cpp.o[0m
[ 53%] [32mBuilding CXX object CMakeFiles/ros_to_imc_DesiredHeadingRate.dir/src/ros_to_imc/DesiredHeadingRate.cpp.o[0m
[ 55%] [32mBuilding CXX object CMakeFiles/ros_to_imc_DesiredPitch.dir/src/ros_to_imc/DesiredPitch.cpp.o[0m
[ 57%] [32mBuilding CXX object CMakeFiles/ros_to_imc_DesiredZ.dir/src/ros_to_imc/DesiredZ.cpp.o[0m
[ 59%] [32mBuilding CXX object CMakeFiles/ros_to_imc_DesiredRoll.dir/src/ros_to_imc/DesiredRoll.cpp.o[0m
[ 61%] [32mBuilding CXX object CMakeFiles/ros_to_imc_DesiredSpeed.dir/src/ros_to_imc/DesiredSpeed.cpp.o[0m
[ 63%] [32mBuilding CXX object CMakeFiles/udp_link.dir/src/udp_link.cpp.o[0m
In file included from [01m[K/home/olaya/ros2_ws/src/imc_ros/imc_ros_bridge/src/imc_to_ros/PlanControl.cpp:14[m[K:
[01m[K/home/olaya/ros2_ws/src/imc_ros/imc_ros_bridge/include/imc_ros_bridge/imc_to_ros/PlanControl.h:18:10:[m[K [01;31m[Kfatal error: [m[Kimc_ros_msgs/msg/plan_control.hpp: No such file or directory
   18 | #include [01;31m[K"imc_ros_msgs/msg/plan_control.hpp"[m[K
      |          [01;31m[K^~~~~~~~~~~~~~~~~~~~~~~~~~~~~~~~~~~~~[m[K
compilation terminated.
gmake[2]: *** [CMakeFiles/imc_to_ros_plancontrol.dir/build.make:76: CMakeFiles/imc_to_ros_plancontrol.dir/src/imc_to_ros/PlanControl.cpp.o] Error 1
gmake[1]: *** [CMakeFiles/Makefile2:526: CMakeFiles/imc_to_ros_plancontrol.dir/all] Error 2
gmake[1]: *** Waiting for unfinished jobs....
In file included from [01m[K/home/olaya/ros2_ws/src/imc_ros/imc_ros_bridge/src/ros_to_imc/DesiredRoll.cpp:14[m[K:
[01m[K/home/olaya/ros2_ws/src/imc_ros/imc_ros_bridge/include/imc_ros_bridge/ros_to_imc/DesiredRoll.h:18:10:[m[K [01;31m[Kfatal error: [m[Kimc_ros_msgs/msg/desired_roll.hpp: No such file or directory
   18 | #include [01;31m[K"imc_ros_msgs/msg/desired_roll.hpp"[m[K
      |          [01;31m[K^~~~~~~~~~~~~~~~~~~~~~~~~~~~~~~~~~~~~[m[K
compilation terminated.
gmake[2]: *** [CMakeFiles/ros_to_imc_DesiredRoll.dir/build.make:76: CMakeFiles/ros_to_imc_DesiredRoll.dir/src/ros_to_imc/DesiredRoll.cpp.o] Error 1
gmake[1]: *** [CMakeFiles/Makefile2:760: CMakeFiles/ros_to_imc_DesiredRoll.dir/all] Error 2
In file included from [01m[K/home/olaya/ros2_ws/src/imc_ros/imc_ros_bridge/src/ros_to_imc/SonarData.cpp:14[m[K:
[01m[K/home/olaya/ros2_ws/src/imc_ros/imc_ros_bridge/include/imc_ros_bridge/ros_to_imc/SonarData.hpp:18:10:[m[K [01;31m[Kfatal error: [m[Kimc_ros_msgs/msg/sonar_data.hpp: No such file or directory
   18 | #include [01;31m[K"imc_ros_msgs/msg/sonar_data.hpp"[m[K
      |          [01;31m[K^~~~~~~~~~~~~~~~~~~~~~~~~~~~~~~~~~~[m[K
compilation terminated.
gmake[2]: *** [CMakeFiles/ros_to_imc_sonardata.dir/build.make:76: CMakeFiles/ros_to_imc_sonardata.dir/src/ros_to_imc/SonarData.cpp.o] Error 1
gmake[1]: *** [CMakeFiles/Makefile2:656: CMakeFiles/ros_to_imc_sonardata.dir/all] Error 2
In file included from [01m[K/home/olaya/ros2_ws/src/imc_ros/imc_ros_bridge/src/ros_to_imc/VehicleState.cpp:14[m[K:
[01m[K/home/olaya/ros2_ws/src/imc_ros/imc_ros_bridge/include/imc_ros_bridge/ros_to_imc/VehicleState.hpp:18:10:[m[K [01;31m[Kfatal error: [m[Kimc_ros_msgs/msg/vehicle_state.hpp: No such file or directory
   18 | #include [01;31m[K"imc_ros_msgs/msg/vehicle_state.hpp"[m[K
      |          [01;31m[K^~~~~~~~~~~~~~~~~~~~~~~~~~~~~~~~~~~~~~[m[K
compilation terminated.
gmake[2]: *** [CMakeFiles/ros_to_imc_vehiclestate.dir/build.make:76: CMakeFiles/ros_to_imc_vehiclestate.dir/src/ros_to_imc/VehicleState.cpp.o] Error 1
gmake[1]: *** [CMakeFiles/Makefile2:604: CMakeFiles/ros_to_imc_vehiclestate.dir/all] Error 2
In file included from [01m[K/home/olaya/ros2_ws/src/imc_ros/imc_ros_bridge/src/ros_to_imc/PlanDB.cpp:14[m[K:
[01m[K/home/olaya/ros2_ws/src/imc_ros/imc_ros_bridge/include/imc_ros_bridge/ros_to_imc/PlanDB.hpp:20:10:[m[K [01;31m[Kfatal error: [m[Kimc_ros_msgs/msg/plan_db.hpp: No such file or directory
   20 | #include [01;31m[K<imc_ros_msgs/msg/plan_db.hpp>[m[K
      |          [01;31m[K^~~~~~~~~~~~~~~~~~~~~~~~~~~~~~~~[m[K
compilation terminated.
gmake[2]: *** [CMakeFiles/ros_to_imc_plandb.dir/build.make:76: CMakeFiles/ros_to_imc_plandb.dir/src/ros_to_imc/PlanDB.cpp.o] Error 1
gmake[1]: *** [CMakeFiles/Makefile2:474: CMakeFiles/ros_to_imc_plandb.dir/all] Error 2
In file included from [01m[K/home/olaya/ros2_ws/src/imc_ros/imc_ros_bridge/src/ros_to_imc/DesiredSpeed.cpp:14[m[K:
[01m[K/home/olaya/ros2_ws/src/imc_ros/imc_ros_bridge/include/imc_ros_bridge/ros_to_imc/DesiredSpeed.hpp:18:10:[m[K [01;31m[Kfatal error: [m[Kimc_ros_msgs/msg/desired_speed.hpp: No such file or directory
   18 | #include [01;31m[K"imc_ros_msgs/msg/desired_speed.hpp"[m[K
      |          [01;31m[K^~~~~~~~~~~~~~~~~~~~~~~~~~~~~~~~~~~~~~[m[K
compilation terminated.
gmake[2]: *** [CMakeFiles/ros_to_imc_DesiredSpeed.dir/build.make:76: CMakeFiles/ros_to_imc_DesiredSpeed.dir/src/ros_to_imc/DesiredSpeed.cpp.o] Error 1
gmake[1]: *** [CMakeFiles/Makefile2:786: CMakeFiles/ros_to_imc_DesiredSpeed.dir/all] Error 2
In file included from [01m[K/home/olaya/ros2_ws/src/imc_ros/imc_ros_bridge/src/ros_to_imc/DesiredHeading.cpp:14[m[K:
[01m[K/home/olaya/ros2_ws/src/imc_ros/imc_ros_bridge/include/imc_ros_bridge/ros_to_imc/DesiredHeading.hpp:18:10:[m[K [01;31m[Kfatal error: [m[Kimc_ros_msgs/msg/desired_heading.hpp: No such file or directory
   18 | #include [01;31m[K"imc_ros_msgs/msg/desired_heading.hpp"[m[K
      |          [01;31m[K^~~~~~~~~~~~~~~~~~~~~~~~~~~~~~~~~~~~~~~~[m[K
compilation terminated.
gmake[2]: *** [CMakeFiles/ros_to_imc_DesiredHeading.dir/build.make:76: CMakeFiles/ros_to_imc_DesiredHeading.dir/src/ros_to_imc/DesiredHeading.cpp.o] Error 1
gmake[1]: *** [CMakeFiles/Makefile2:682: CMakeFiles/ros_to_imc_DesiredHeading.dir/all] Error 2
In file included from [01m[K/home/olaya/ros2_ws/src/imc_ros/imc_ros_bridge/src/ros_to_imc/PlanControlState.cpp:14[m[K:
[01m[K/home/olaya/ros2_ws/src/imc_ros/imc_ros_bridge/include/imc_ros_bridge/ros_to_imc/PlanControlState.h:18:10:[m[K [01;31m[Kfatal error: [m[Kimc_ros_msgs/msg/plan_control_state.hpp: No such file or directory
   18 | #include [01;31m[K"imc_ros_msgs/msg/plan_control_state.hpp"[m[K
      |          [01;31m[K^~~~~~~~~~~~~~~~~~~~~~~~~~~~~~~~~~~~~~~~~~~[m[K
compilation terminated.
gmake[2]: *** [CMakeFiles/ros_to_imc_plancontrolstate.dir/build.make:76: CMakeFiles/ros_to_imc_plancontrolstate.dir/src/ros_to_imc/PlanControlState.cpp.o] Error 1
gmake[1]: *** [CMakeFiles/Makefile2:552: CMakeFiles/ros_to_imc_plancontrolstate.dir/all] Error 2
In file included from [01m[K/home/olaya/ros2_ws/src/imc_ros/imc_ros_bridge/src/ros_to_imc/RemoteState.cpp:14[m[K:
[01m[K/home/olaya/ros2_ws/src/imc_ros/imc_ros_bridge/include/imc_ros_bridge/ros_to_imc/RemoteState.hpp:18:10:[m[K [01;31m[Kfatal error: [m[Kimc_ros_msgs/msg/remote_state.hpp: No such file or directory
   18 | #include [01;31m[K"imc_ros_msgs/msg/remote_state.hpp"[m[K
      |          [01;31m[K^~~~~~~~~~~~~~~~~~~~~~~~~~~~~~~~~~~~~[m[K
compilation terminated.
In file included from [01m[K/home/olaya/ros2_ws/src/imc_ros/imc_ros_bridge/include/imc_ros_bridge/imc_to_ros/PlanDB.hpp:20[m[K,
                 from [01m[K/home/olaya/ros2_ws/src/imc_ros/imc_ros_bridge/src/imc_to_ros/PlanDB.cpp:17[m[K:
[01m[K/home/olaya/ros2_ws/src/imc_ros/imc_ros_bridge/include/imc_ros_bridge/ros_to_imc/PlanDB.hpp:20:10:[m[K [01;31m[Kfatal error: [m[Kimc_ros_msgs/msg/plan_db.hpp: No such file or directory
   20 | #include [01;31m[K<imc_ros_msgs/msg/plan_db.hpp>[m[K
      |          [01;31m[K^~~~~~~~~~~~~~~~~~~~~~~~~~~~~~~~[m[K
compilation terminated.
gmake[2]: *** [CMakeFiles/ros_to_imc_remotestate.dir/build.make:76: CMakeFiles/ros_to_imc_remotestate.dir/src/ros_to_imc/RemoteState.cpp.o] Error 1
gmake[1]: *** [CMakeFiles/Makefile2:630: CMakeFiles/ros_to_imc_remotestate.dir/all] Error 2
gmake[2]: *** [CMakeFiles/imc_to_ros_plandb.dir/build.make:76: CMakeFiles/imc_to_ros_plandb.dir/src/imc_to_ros/PlanDB.cpp.o] Error 1
In file included from [01m[K/home/olaya/ros2_ws/src/imc_ros/imc_ros_bridge/src/ros_to_imc/DesiredHeadingRate.cpp:14[m[K:
[01m[K/home/olaya/ros2_ws/src/imc_ros/imc_ros_bridge/include/imc_ros_bridge/ros_to_imc/DesiredHeadingRate.hpp:18:10:[m[K [01;31m[Kfatal error: [m[Kimc_ros_msgs/msg/desired_heading_rate.hpp: No such file or directory
   18 | #include [01;31m[K"imc_ros_msgs/msg/desired_heading_rate.hpp"[m[K
      |          [01;31m[K^~~~~~~~~~~~~~~~~~~~~~~~~~~~~~~~~~~~~~~~~~~~~[m[K
compilation terminated.
gmake[1]: *** [CMakeFiles/Makefile2:448: CMakeFiles/imc_to_ros_plandb.dir/all] Error 2
gmake[2]: *** [CMakeFiles/ros_to_imc_DesiredHeadingRate.dir/build.make:76: CMakeFiles/ros_to_imc_DesiredHeadingRate.dir/src/ros_to_imc/DesiredHeadingRate.cpp.o] Error 1
gmake[1]: *** [CMakeFiles/Makefile2:708: CMakeFiles/ros_to_imc_DesiredHeadingRate.dir/all] Error 2
In file included from [01m[K/home/olaya/ros2_ws/src/imc_ros/imc_ros_bridge/src/ros_to_imc/DesiredPitch.cpp:14[m[K:
[01m[K/home/olaya/ros2_ws/src/imc_ros/imc_ros_bridge/include/imc_ros_bridge/ros_to_imc/DesiredPitch.h:18:10:[m[K [01;31m[Kfatal error: [m[Kimc_ros_msgs/msg/desired_pitch.hpp: No such file or directory
   18 | #include [01;31m[K"imc_ros_msgs/msg/desired_pitch.hpp"[m[K
      |          [01;31m[K^~~~~~~~~~~~~~~~~~~~~~~~~~~~~~~~~~~~~~[m[K
compilation terminated.
gmake[2]: *** [CMakeFiles/ros_to_imc_DesiredPitch.dir/build.make:76: CMakeFiles/ros_to_imc_DesiredPitch.dir/src/ros_to_imc/DesiredPitch.cpp.o] Error 1
gmake[1]: *** [CMakeFiles/Makefile2:734: CMakeFiles/ros_to_imc_DesiredPitch.dir/all] Error 2
In file included from [01m[K/home/olaya/ros2_ws/src/imc_ros/imc_ros_bridge/src/ros_to_imc/EstimatedState.cpp:14[m[K:
[01m[K/home/olaya/ros2_ws/src/imc_ros/imc_ros_bridge/include/imc_ros_bridge/ros_to_imc/EstimatedState.hpp:18:10:[m[K [01;31m[Kfatal error: [m[Kimc_ros_msgs/msg/estimated_state.hpp: No such file or directory
   18 | #include [01;31m[K"imc_ros_msgs/msg/estimated_state.hpp"[m[K
      |          [01;31m[K^~~~~~~~~~~~~~~~~~~~~~~~~~~~~~~~~~~~~~~~[m[K
compilation terminated.
gmake[2]: *** [CMakeFiles/ros_to_imc_estimatedstate.dir/build.make:76: CMakeFiles/ros_to_imc_estimatedstate.dir/src/ros_to_imc/EstimatedState.cpp.o] Error 1
gmake[1]: *** [CMakeFiles/Makefile2:578: CMakeFiles/ros_to_imc_estimatedstate.dir/all] Error 2
In file included from [01m[K/home/olaya/ros2_ws/src/imc_ros/imc_ros_bridge/src/ros_to_imc/DesiredZ.cpp:14[m[K:
[01m[K/home/olaya/ros2_ws/src/imc_ros/imc_ros_bridge/include/imc_ros_bridge/ros_to_imc/DesiredZ.hpp:18:10:[m[K [01;31m[Kfatal error: [m[Kimc_ros_msgs/msg/desired_z.hpp: No such file or directory
   18 | #include [01;31m[K"imc_ros_msgs/msg/desired_z.hpp"[m[K
      |          [01;31m[K^~~~~~~~~~~~~~~~~~~~~~~~~~~~~~~~~~[m[K
compilation terminated.
gmake[2]: *** [CMakeFiles/ros_to_imc_DesiredZ.dir/build.make:76: CMakeFiles/ros_to_imc_DesiredZ.dir/src/ros_to_imc/DesiredZ.cpp.o] Error 1
gmake[1]: *** [CMakeFiles/Makefile2:812: CMakeFiles/ros_to_imc_DesiredZ.dir/all] Error 2
In file included from [01m[K/usr/include/boost/smart_ptr/detail/sp_thread_sleep.hpp:22[m[K,
                 from [01m[K/usr/include/boost/smart_ptr/detail/yield_k.hpp:23[m[K,
                 from [01m[K/usr/include/boost/smart_ptr/detail/spinlock_gcc_atomic.hpp:14[m[K,
                 from [01m[K/usr/include/boost/smart_ptr/detail/spinlock.hpp:42[m[K,
                 from [01m[K/usr/include/boost/smart_ptr/detail/spinlock_pool.hpp:25[m[K,
                 from [01m[K/usr/include/boost/smart_ptr/shared_ptr.hpp:29[m[K,
                 from [01m[K/usr/include/boost/shared_ptr.hpp:17[m[K,
                 from [01m[K/usr/include/boost/date_time/time_clock.hpp:17[m[K,
                 from [01m[K/usr/include/boost/date_time/posix_time/posix_time_types.hpp:10[m[K,
                 from [01m[K/usr/include/boost/asio/time_traits.hpp:23[m[K,
                 from [01m[K/usr/include/boost/asio/detail/timer_queue_ptime.hpp:22[m[K,
                 from [01m[K/usr/include/boost/asio/detail/deadline_timer_service.hpp:29[m[K,
                 from [01m[K/usr/include/boost/asio/basic_deadline_timer.hpp:25[m[K,
                 from [01m[K/usr/include/boost/asio.hpp:25[m[K,
                 from [01m[K/home/olaya/ros2_ws/src/imc_ros/imc_ros_bridge/include/imc_udp_link/udp_link.h:17[m[K,
                 from [01m[K/home/olaya/ros2_ws/src/imc_ros/imc_ros_bridge/src/udp_link.cpp:14[m[K:
[01m[K/usr/include/boost/bind.hpp:36:1:[m[K [01;36m[Knote: [m[Kâ€˜[01m[K#pragma message: The practice of declaring the Bind placeholders (_1, _2, ...) in the global namespace is deprecated. Please use <boost/bind/bind.hpp> + using namespace boost::placeholders, or define BOOST_BIND_GLOBAL_PLACEHOLDERS to retain the current behavior.[m[Kâ€™
   36 | [01;36m[KBOOST_PRAGMA_MESSAGE[m[K(
      | [01;36m[K^~~~~~~~~~~~~~~~~~~~[m[K
In file included from [01m[K/home/olaya/ros2_ws/src/imc_ros/imc_ros_bridge/src/udp_link.cpp:14[m[K:
[01m[K/home/olaya/ros2_ws/src/imc_ros/imc_ros_bridge/include/imc_udp_link/udp_link.h:[m[K In constructor â€˜[01m[KUDPLink::UDPLink(std::function<void(IMC::Message*)>, const string&, const string&, int, int)[m[Kâ€™:
[01m[K/home/olaya/ros2_ws/src/imc_ros/imc_ros_bridge/include/imc_udp_link/udp_link.h:46:41:[m[K [01;35m[Kwarning: [m[Kâ€˜[01m[KUDPLink::recv_handler_[m[Kâ€™ will be initialized after [[01;35m[K]8;;https://gcc.gnu.org/onlinedocs/gcc/Warning-Options.html#index-Wreorder-Wreorder]8;;[m[K]
   46 |     std::function<void (IMC::Message*)> [01;35m[Krecv_handler_[m[K;
      |                                         [01;35m[K^~~~~~~~~~~~~[m[K
[01m[K/home/olaya/ros2_ws/src/imc_ros/imc_ros_bridge/include/imc_udp_link/udp_link.h:37:17:[m[K [01;35m[Kwarning: [m[K  â€˜[01m[Kstd::string UDPLink::bridge_addr[m[Kâ€™ [[01;35m[K]8;;https://gcc.gnu.org/onlinedocs/gcc/Warning-Options.html#index-Wreorder-Wreorder]8;;[m[K]
   37 |     std::string [01;35m[Kbridge_addr[m[K;
      |                 [01;35m[K^~~~~~~~~~~[m[K
[01m[K/home/olaya/ros2_ws/src/imc_ros/imc_ros_bridge/src/udp_link.cpp:27:1:[m[K [01;35m[Kwarning: [m[K  when initialized here [[01;35m[K]8;;https://gcc.gnu.org/onlinedocs/gcc/Warning-Options.html#index-Wreorder-Wreorder]8;;[m[K]
   27 | [01;35m[KUDPLink[m[K::UDPLink(std::function<void (IMC::Message*)> recv_handler,
      | [01;35m[K^~~~~~~[m[K
In file included from [01m[K/home/olaya/ros2_ws/src/imc_ros/imc_ros_bridge/src/udp_link.cpp:14[m[K:
[01m[K/home/olaya/ros2_ws/src/imc_ros/imc_ros_bridge/include/imc_udp_link/udp_link.h:56:13:[m[K [01;35m[Kwarning: [m[Kâ€˜[01m[KUDPLink::imc_id[m[Kâ€™ will be initialized after [[01;35m[K]8;;https://gcc.gnu.org/onlinedocs/gcc/Warning-Options.html#index-Wreorder-Wreorder]8;;[m[K]
   56 |         int [01;35m[Kimc_id[m[K;
      |             [01;35m[K^~~~~~[m[K
[01m[K/home/olaya/ros2_ws/src/imc_ros/imc_ros_bridge/include/imc_udp_link/udp_link.h:54:9:[m[K [01;35m[Kwarning: [m[K  â€˜[01m[Kint UDPLink::imc_src[m[Kâ€™ [[01;35m[K]8;;https://gcc.gnu.org/onlinedocs/gcc/Warning-Options.html#index-Wreorder-Wreorder]8;;[m[K]
   54 |     int [01;35m[Kimc_src[m[K = 4;
      |         [01;35m[K^~~~~~~[m[K
[01m[K/home/olaya/ros2_ws/src/imc_ros/imc_ros_bridge/src/udp_link.cpp:27:1:[m[K [01;35m[Kwarning: [m[K  when initialized here [[01;35m[K]8;;https://gcc.gnu.org/onlinedocs/gcc/Warning-Options.html#index-Wreorder-Wreorder]8;;[m[K]
   27 | [01;35m[KUDPLink[m[K::UDPLink(std::function<void (IMC::Message*)> recv_handler,
      | [01;35m[K^~~~~~~[m[K
[01m[K/home/olaya/ros2_ws/src/imc_ros/imc_ros_bridge/src/udp_link.cpp:35:13:[m[K [01;35m[Kwarning: [m[Kunused variable â€˜[01m[Kport[m[Kâ€™ [[01;35m[K]8;;https://gcc.gnu.org/onlinedocs/gcc/Warning-Options.html#index-Wunused-variable-Wunused-variable]8;;[m[K]
   35 |         int [01;35m[Kport[m[K = boost::lexical_cast<int>(bridge_port);
      |             [01;35m[K^~~~[m[K
[01m[K/home/olaya/ros2_ws/src/imc_ros/imc_ros_bridge/src/udp_link.cpp:[m[K In function â€˜[01m[Kvoid handler(const boost::system::error_code&, size_t)[m[Kâ€™:
[01m[K/home/olaya/ros2_ws/src/imc_ros/imc_ros_bridge/src/udp_link.cpp:68:47:[m[K [01;35m[Kwarning: [m[Kunused parameter â€˜[01m[Kerror[m[Kâ€™ [[01;35m[K]8;;https://gcc.gnu.org/onlinedocs/gcc/Warning-Options.html#index-Wunused-parameter-Wunused-parameter]8;;[m[K]
   68 | void handler([01;35m[Kconst boost::system::error_code& error[m[K, size_t bytes_transferred)
      |              [01;35m[K~~~~~~~~~~~~~~~~~~~~~~~~~~~~~~~~~^~~~~[m[K
[01m[K/home/olaya/ros2_ws/src/imc_ros/imc_ros_bridge/src/udp_link.cpp:68:61:[m[K [01;35m[Kwarning: [m[Kunused parameter â€˜[01m[Kbytes_transferred[m[Kâ€™ [[01;35m[K]8;;https://gcc.gnu.org/onlinedocs/gcc/Warning-Options.html#index-Wunused-parameter-Wunused-parameter]8;;[m[K]
   68 | void handler(const boost::system::error_code& error, [01;35m[Ksize_t bytes_transferred[m[K)
      |                                                      [01;35m[K~~~~~~~^~~~~~~~~~~~~~~~~[m[K
[ 65%] [32m[1mLinking CXX static library libudp_link.a[0m
[ 65%] Built target udp_link
gmake: *** [Makefile:146: all] Error 2
