In file included from [01m[K/home/olaya/ros2_ws/src/imc_ros/imc_ros_bridge/src/ros_to_imc/DesiredHeadingRate.cpp:14[m[K:
[01m[K/home/olaya/ros2_ws/src/imc_ros/imc_ros_bridge/include/imc_ros_bridge/ros_to_imc/DesiredHeadingRate.hpp:18:10:[m[K [01;31m[Kfatal error: [m[Kimc_ros_msgs/msg/desired_heading_rate.hpp: No such file or directory
   18 | #include [01;31m[K"imc_ros_msgs/msg/desired_heading_rate.hpp"[m[K
      |          [01;31m[K^~~~~~~~~~~~~~~~~~~~~~~~~~~~~~~~~~~~~~~~~~~~~[m[K
compilation terminated.
In file included from [01m[K/home/olaya/ros2_ws/src/imc_ros/imc_ros_bridge/src/ros_to_imc/DesiredRoll.cpp:14[m[K:
[01m[K/home/olaya/ros2_ws/src/imc_ros/imc_ros_bridge/include/imc_ros_bridge/ros_to_imc/DesiredRoll.h:18:10:[m[K [01;31m[Kfatal error: [m[Kimc_ros_msgs/msg/desired_roll.hpp: No such file or directory
   18 | #include [01;31m[K"imc_ros_msgs/msg/desired_roll.hpp"[m[K
      |          [01;31m[K^~~~~~~~~~~~~~~~~~~~~~~~~~~~~~~~~~~~~[m[K
compilation terminated.
gmake[2]: *** [CMakeFiles/ros_to_imc_DesiredHeadingRate.dir/build.make:76: CMakeFiles/ros_to_imc_DesiredHeadingRate.dir/src/ros_to_imc/DesiredHeadingRate.cpp.o] Error 1
gmake[1]: *** [CMakeFiles/Makefile2:708: CMakeFiles/ros_to_imc_DesiredHeadingRate.dir/all] Error 2
gmake[1]: *** Waiting for unfinished jobs....
gmake[2]: *** [CMakeFiles/ros_to_imc_DesiredRoll.dir/build.make:76: CMakeFiles/ros_to_imc_DesiredRoll.dir/src/ros_to_imc/DesiredRoll.cpp.o] Error 1
gmake[1]: *** [CMakeFiles/Makefile2:760: CMakeFiles/ros_to_imc_DesiredRoll.dir/all] Error 2
In file included from [01m[K/home/olaya/ros2_ws/src/imc_ros/imc_ros_bridge/src/ros_to_imc/SonarData.cpp:14[m[K:
[01m[K/home/olaya/ros2_ws/src/imc_ros/imc_ros_bridge/include/imc_ros_bridge/ros_to_imc/SonarData.hpp:18:10:[m[K [01;31m[Kfatal error: [m[Kimc_ros_msgs/msg/sonar_data.hpp: No such file or directory
   18 | #include [01;31m[K"imc_ros_msgs/msg/sonar_data.hpp"[m[K
      |          [01;31m[K^~~~~~~~~~~~~~~~~~~~~~~~~~~~~~~~~~~[m[K
compilation terminated.
gmake[2]: *** [CMakeFiles/ros_to_imc_sonardata.dir/build.make:76: CMakeFiles/ros_to_imc_sonardata.dir/src/ros_to_imc/SonarData.cpp.o] Error 1
gmake[1]: *** [CMakeFiles/Makefile2:656: CMakeFiles/ros_to_imc_sonardata.dir/all] Error 2
In file included from [01m[K/home/olaya/ros2_ws/src/imc_ros/imc_ros_bridge/src/ros_to_imc/VehicleState.cpp:14[m[K:
[01m[K/home/olaya/ros2_ws/src/imc_ros/imc_ros_bridge/include/imc_ros_bridge/ros_to_imc/VehicleState.hpp:18:10:[m[K [01;31m[Kfatal error: [m[Kimc_ros_msgs/msg/vehicle_state.hpp: No such file or directory
   18 | #include [01;31m[K"imc_ros_msgs/msg/vehicle_state.hpp"[m[K
      |          [01;31m[K^~~~~~~~~~~~~~~~~~~~~~~~~~~~~~~~~~~~~~[m[K
compilation terminated.
In file included from [01m[K/home/olaya/ros2_ws/src/imc_ros/imc_ros_bridge/src/imc_to_ros/PlanControl.cpp:14[m[K:
[01m[K/home/olaya/ros2_ws/src/imc_ros/imc_ros_bridge/include/imc_ros_bridge/imc_to_ros/PlanControl.h:18:10:[m[K [01;31m[Kfatal error: [m[Kimc_ros_msgs/msg/plan_control.hpp: No such file or directory
   18 | #include [01;31m[K"imc_ros_msgs/msg/plan_control.hpp"[m[K
      |          [01;31m[K^~~~~~~~~~~~~~~~~~~~~~~~~~~~~~~~~~~~~[m[K
compilation terminated.
gmake[2]: *** [CMakeFiles/ros_to_imc_vehiclestate.dir/build.make:76: CMakeFiles/ros_to_imc_vehiclestate.dir/src/ros_to_imc/VehicleState.cpp.o] Error 1
gmake[1]: *** [CMakeFiles/Makefile2:604: CMakeFiles/ros_to_imc_vehiclestate.dir/all] Error 2
gmake[2]: *** [CMakeFiles/imc_to_ros_plancontrol.dir/build.make:76: CMakeFiles/imc_to_ros_plancontrol.dir/src/imc_to_ros/PlanControl.cpp.o] Error 1
gmake[1]: *** [CMakeFiles/Makefile2:526: CMakeFiles/imc_to_ros_plancontrol.dir/all] Error 2
In file included from [01m[K/home/olaya/ros2_ws/src/imc_ros/imc_ros_bridge/src/ros_to_imc/DesiredHeading.cpp:14[m[K:
[01m[K/home/olaya/ros2_ws/src/imc_ros/imc_ros_bridge/include/imc_ros_bridge/ros_to_imc/DesiredHeading.hpp:18:10:[m[K [01;31m[Kfatal error: [m[Kimc_ros_msgs/msg/desired_heading.hpp: No such file or directory
   18 | #include [01;31m[K"imc_ros_msgs/msg/desired_heading.hpp"[m[K
      |          [01;31m[K^~~~~~~~~~~~~~~~~~~~~~~~~~~~~~~~~~~~~~~~[m[K
compilation terminated.
In file included from [01m[K/home/olaya/ros2_ws/src/imc_ros/imc_ros_bridge/src/ros_to_imc/DesiredPitch.cpp:14[m[K:
[01m[K/home/olaya/ros2_ws/src/imc_ros/imc_ros_bridge/include/imc_ros_bridge/ros_to_imc/DesiredPitch.h:18:10:[m[K [01;31m[Kfatal error: [m[Kimc_ros_msgs/msg/desired_pitch.hpp: No such file or directory
   18 | #include [01;31m[K"imc_ros_msgs/msg/desired_pitch.hpp"[m[K
      |          [01;31m[K^~~~~~~~~~~~~~~~~~~~~~~~~~~~~~~~~~~~~~[m[K
compilation terminated.
gmake[2]: *** [CMakeFiles/ros_to_imc_DesiredHeading.dir/build.make:76: CMakeFiles/ros_to_imc_DesiredHeading.dir/src/ros_to_imc/DesiredHeading.cpp.o] Error 1
gmake[2]: *** [CMakeFiles/ros_to_imc_DesiredPitch.dir/build.make:76: CMakeFiles/ros_to_imc_DesiredPitch.dir/src/ros_to_imc/DesiredPitch.cpp.o] Error 1
gmake[1]: *** [CMakeFiles/Makefile2:734: CMakeFiles/ros_to_imc_DesiredPitch.dir/all] Error 2
gmake[1]: *** [CMakeFiles/Makefile2:682: CMakeFiles/ros_to_imc_DesiredHeading.dir/all] Error 2
In file included from [01m[K/home/olaya/ros2_ws/src/imc_ros/imc_ros_bridge/src/ros_to_imc/PlanControlState.cpp:14[m[K:
[01m[K/home/olaya/ros2_ws/src/imc_ros/imc_ros_bridge/include/imc_ros_bridge/ros_to_imc/PlanControlState.h:18:10:[m[K [01;31m[Kfatal error: [m[Kimc_ros_msgs/msg/plan_control_state.hpp: No such file or directory
   18 | #include [01;31m[K"imc_ros_msgs/msg/plan_control_state.hpp"[m[K
      |          [01;31m[K^~~~~~~~~~~~~~~~~~~~~~~~~~~~~~~~~~~~~~~~~~~[m[K
compilation terminated.
In file included from [01m[K/home/olaya/ros2_ws/src/imc_ros/imc_ros_bridge/src/ros_to_imc/RemoteState.cpp:14[m[K:
[01m[K/home/olaya/ros2_ws/src/imc_ros/imc_ros_bridge/include/imc_ros_bridge/ros_to_imc/RemoteState.hpp:18:10:[m[K [01;31m[Kfatal error: [m[Kimc_ros_msgs/msg/remote_state.hpp: No such file or directory
   18 | #include [01;31m[K"imc_ros_msgs/msg/remote_state.hpp"[m[K
      |          [01;31m[K^~~~~~~~~~~~~~~~~~~~~~~~~~~~~~~~~~~~~[m[K
compilation terminated.
gmake[2]: *** [CMakeFiles/ros_to_imc_plancontrolstate.dir/build.make:76: CMakeFiles/ros_to_imc_plancontrolstate.dir/src/ros_to_imc/PlanControlState.cpp.o] Error 1
gmake[1]: *** [CMakeFiles/Makefile2:552: CMakeFiles/ros_to_imc_plancontrolstate.dir/all] Error 2
In file included from [01m[K/home/olaya/ros2_ws/src/imc_ros/imc_ros_bridge/src/ros_to_imc/EstimatedState.cpp:14[m[K:
[01m[K/home/olaya/ros2_ws/src/imc_ros/imc_ros_bridge/include/imc_ros_bridge/ros_to_imc/EstimatedState.hpp:18:10:[m[K [01;31m[Kfatal error: [m[Kimc_ros_msgs/msg/estimated_state.hpp: No such file or directory
   18 | #include [01;31m[K"imc_ros_msgs/msg/estimated_state.hpp"[m[K
      |          [01;31m[K^~~~~~~~~~~~~~~~~~~~~~~~~~~~~~~~~~~~~~~~[m[K
compilation terminated.
gmake[2]: *** [CMakeFiles/ros_to_imc_remotestate.dir/build.make:76: CMakeFiles/ros_to_imc_remotestate.dir/src/ros_to_imc/RemoteState.cpp.o] Error 1
gmake[1]: *** [CMakeFiles/Makefile2:630: CMakeFiles/ros_to_imc_remotestate.dir/all] Error 2
gmake[2]: *** [CMakeFiles/ros_to_imc_estimatedstate.dir/build.make:76: CMakeFiles/ros_to_imc_estimatedstate.dir/src/ros_to_imc/EstimatedState.cpp.o] Error 1
gmake[1]: *** [CMakeFiles/Makefile2:578: CMakeFiles/ros_to_imc_estimatedstate.dir/all] Error 2
In file included from [01m[K/home/olaya/ros2_ws/src/imc_ros/imc_ros_bridge/src/ros_to_imc/DesiredSpeed.cpp:14[m[K:
[01m[K/home/olaya/ros2_ws/src/imc_ros/imc_ros_bridge/include/imc_ros_bridge/ros_to_imc/DesiredSpeed.hpp:18:10:[m[K [01;31m[Kfatal error: [m[Kimc_ros_msgs/msg/desired_speed.hpp: No such file or directory
   18 | #include [01;31m[K"imc_ros_msgs/msg/desired_speed.hpp"[m[K
      |          [01;31m[K^~~~~~~~~~~~~~~~~~~~~~~~~~~~~~~~~~~~~~[m[K
compilation terminated.
gmake[2]: *** [CMakeFiles/ros_to_imc_DesiredSpeed.dir/build.make:76: CMakeFiles/ros_to_imc_DesiredSpeed.dir/src/ros_to_imc/DesiredSpeed.cpp.o] Error 1
gmake[1]: *** [CMakeFiles/Makefile2:786: CMakeFiles/ros_to_imc_DesiredSpeed.dir/all] Error 2
In file included from [01m[K/home/olaya/ros2_ws/src/imc_ros/imc_ros_bridge/src/ros_to_imc/PlanDB.cpp:14[m[K:
[01m[K/home/olaya/ros2_ws/src/imc_ros/imc_ros_bridge/include/imc_ros_bridge/ros_to_imc/PlanDB.hpp:20:10:[m[K [01;31m[Kfatal error: [m[Kimc_ros_msgs/msg/plan_db.hpp: No such file or directory
   20 | #include [01;31m[K<imc_ros_msgs/msg/plan_db.hpp>[m[K
      |          [01;31m[K^~~~~~~~~~~~~~~~~~~~~~~~~~~~~~~~[m[K
compilation terminated.
In file included from [01m[K/home/olaya/ros2_ws/src/imc_ros/imc_ros_bridge/include/imc_ros_bridge/imc_to_ros/PlanDB.hpp:20[m[K,
                 from [01m[K/home/olaya/ros2_ws/src/imc_ros/imc_ros_bridge/src/imc_to_ros/PlanDB.cpp:17[m[K:
[01m[K/home/olaya/ros2_ws/src/imc_ros/imc_ros_bridge/include/imc_ros_bridge/ros_to_imc/PlanDB.hpp:20:10:[m[K [01;31m[Kfatal error: [m[Kimc_ros_msgs/msg/plan_db.hpp: No such file or directory
   20 | #include [01;31m[K<imc_ros_msgs/msg/plan_db.hpp>[m[K
      |          [01;31m[K^~~~~~~~~~~~~~~~~~~~~~~~~~~~~~~~[m[K
compilation terminated.
gmake[2]: *** [CMakeFiles/ros_to_imc_plandb.dir/build.make:76: CMakeFiles/ros_to_imc_plandb.dir/src/ros_to_imc/PlanDB.cpp.o] Error 1
gmake[1]: *** [CMakeFiles/Makefile2:474: CMakeFiles/ros_to_imc_plandb.dir/all] Error 2
gmake[2]: *** [CMakeFiles/imc_to_ros_plandb.dir/build.make:76: CMakeFiles/imc_to_ros_plandb.dir/src/imc_to_ros/PlanDB.cpp.o] Error 1
gmake[1]: *** [CMakeFiles/Makefile2:448: CMakeFiles/imc_to_ros_plandb.dir/all] Error 2
In file included from [01m[K/home/olaya/ros2_ws/src/imc_ros/imc_ros_bridge/src/ros_to_imc/DesiredZ.cpp:14[m[K:
[01m[K/home/olaya/ros2_ws/src/imc_ros/imc_ros_bridge/include/imc_ros_bridge/ros_to_imc/DesiredZ.hpp:18:10:[m[K [01;31m[Kfatal error: [m[Kimc_ros_msgs/msg/desired_z.hpp: No such file or directory
   18 | #include [01;31m[K"imc_ros_msgs/msg/desired_z.hpp"[m[K
      |          [01;31m[K^~~~~~~~~~~~~~~~~~~~~~~~~~~~~~~~~~[m[K
compilation terminated.
gmake[2]: *** [CMakeFiles/ros_to_imc_DesiredZ.dir/build.make:76: CMakeFiles/ros_to_imc_DesiredZ.dir/src/ros_to_imc/DesiredZ.cpp.o] Error 1
gmake[1]: *** [CMakeFiles/Makefile2:812: CMakeFiles/ros_to_imc_DesiredZ.dir/all] Error 2
In file included from [01m[K/usr/include/boost/smart_ptr/detail/sp_thread_sleep.hpp:22[m[K,
                 from [01m[K/usr/include/boost/smart_ptr/detail/yield_k.hpp:23[m[K,
                 from [01m[K/usr/include/boost/smart_ptr/detail/spinlock_gcc_atomic.hpp:14[m[K,
                 from [01m[K/usr/include/boost/smart_ptr/detail/spinlock.hpp:42[m[K,
                 from [01m[K/usr/include/boost/smart_ptr/detail/spinlock_pool.hpp:25[m[K,
                 from [01m[K/usr/include/boost/smart_ptr/shared_ptr.hpp:29[m[K,
                 from [01m[K/usr/include/boost/shared_ptr.hpp:17[m[K,
                 from [01m[K/usr/include/boost/date_time/time_clock.hpp:17[m[K,
                 from [01m[K/usr/include/boost/date_time/posix_time/posix_time_types.hpp:10[m[K,
                 from [01m[K/usr/include/boost/asio/time_traits.hpp:23[m[K,
                 from [01m[K/usr/include/boost/asio/detail/timer_queue_ptime.hpp:22[m[K,
                 from [01m[K/usr/include/boost/asio/detail/deadline_timer_service.hpp:29[m[K,
                 from [01m[K/usr/include/boost/asio/basic_deadline_timer.hpp:25[m[K,
                 from [01m[K/usr/include/boost/asio.hpp:25[m[K,
                 from [01m[K/home/olaya/ros2_ws/src/imc_ros/imc_ros_bridge/include/imc_udp_link/udp_link.h:17[m[K,
                 from [01m[K/home/olaya/ros2_ws/src/imc_ros/imc_ros_bridge/include/imc_tcp_link/imc_handle.h:18[m[K,
                 from [01m[K/home/olaya/ros2_ws/src/imc_ros/imc_ros_bridge/src/imc_handle.cpp:14[m[K:
[01m[K/usr/include/boost/bind.hpp:36:1:[m[K [01;36m[Knote: [m[Kâ€˜[01m[K#pragma message: The practice of declaring the Bind placeholders (_1, _2, ...) in the global namespace is deprecated. Please use <boost/bind/bind.hpp> + using namespace boost::placeholders, or define BOOST_BIND_GLOBAL_PLACEHOLDERS to retain the current behavior.[m[Kâ€™
   36 | [01;36m[KBOOST_PRAGMA_MESSAGE[m[K(
      | [01;36m[K^~~~~~~~~~~~~~~~~~~~[m[K
In file included from [01m[K/home/olaya/ros2_ws/src/imc_ros/imc_ros_bridge/src/imc_handle.cpp:14[m[K:
[01m[K/home/olaya/ros2_ws/src/imc_ros/imc_ros_bridge/include/imc_tcp_link/imc_handle.h:[m[K In constructor â€˜[01m[KIMCHandle::IMCHandle(const string&, const string&, const string&, const string&, int, int)[m[Kâ€™:
[01m[K/home/olaya/ros2_ws/src/imc_ros/imc_ros_bridge/include/imc_tcp_link/imc_handle.h:33:13:[m[K [01;35m[Kwarning: [m[Kâ€˜[01m[KIMCHandle::udp_link[m[Kâ€™ will be initialized after [[01;35m[K]8;;https://gcc.gnu.org/onlinedocs/gcc/Warning-Options.html#index-Wreorder-Wreorder]8;;[m[K]
   33 |     UDPLink [01;35m[Kudp_link[m[K;
      |             [01;35m[K^~~~~~~~[m[K
[01m[K/home/olaya/ros2_ws/src/imc_ros/imc_ros_bridge/include/imc_tcp_link/imc_handle.h:29:17:[m[K [01;35m[Kwarning: [m[K  â€˜[01m[Kstd::string IMCHandle::neptus_addr[m[Kâ€™ [[01;35m[K]8;;https://gcc.gnu.org/onlinedocs/gcc/Warning-Options.html#index-Wreorder-Wreorder]8;;[m[K]
   29 |     std::string [01;35m[Kneptus_addr[m[K;
      |                 [01;35m[K^~~~~~~~~~~[m[K
[01m[K/home/olaya/ros2_ws/src/imc_ros/imc_ros_bridge/src/imc_handle.cpp:28:1:[m[K [01;35m[Kwarning: [m[K  when initialized here [[01;35m[K]8;;https://gcc.gnu.org/onlinedocs/gcc/Warning-Options.html#index-Wreorder-Wreorder]8;;[m[K]
   28 | [01;35m[KIMCHandle[m[K::IMCHandle(const std::string& bridge_tcp_addr,
      | [01;35m[K^~~~~~~~~[m[K
In file included from [01m[K/home/olaya/ros2_ws/src/imc_ros/imc_ros_bridge/src/imc_handle.cpp:14[m[K:
[01m[K/home/olaya/ros2_ws/src/imc_ros/imc_ros_bridge/include/imc_tcp_link/imc_handle.h:29:17:[m[K [01;35m[Kwarning: [m[Kâ€˜[01m[KIMCHandle::neptus_addr[m[Kâ€™ will be initialized after [[01;35m[K]8;;https://gcc.gnu.org/onlinedocs/gcc/Warning-Options.html#index-Wreorder-Wreorder]8;;[m[K]
   29 |     std::string [01;35m[Kneptus_addr[m[K;
      |                 [01;35m[K^~~~~~~~~~~[m[K
[01m[K/home/olaya/ros2_ws/src/imc_ros/imc_ros_bridge/include/imc_tcp_link/imc_handle.h:27:17:[m[K [01;35m[Kwarning: [m[K  â€˜[01m[Kstd::string IMCHandle::bridge_tcp_addr[m[Kâ€™ [[01;35m[K]8;;https://gcc.gnu.org/onlinedocs/gcc/Warning-Options.html#index-Wreorder-Wreorder]8;;[m[K]
   27 |     std::string [01;35m[Kbridge_tcp_addr[m[K;
      |                 [01;35m[K^~~~~~~~~~~~~~~[m[K
[01m[K/home/olaya/ros2_ws/src/imc_ros/imc_ros_bridge/src/imc_handle.cpp:28:1:[m[K [01;35m[Kwarning: [m[K  when initialized here [[01;35m[K]8;;https://gcc.gnu.org/onlinedocs/gcc/Warning-Options.html#index-Wreorder-Wreorder]8;;[m[K]
   28 | [01;35m[KIMCHandle[m[K::IMCHandle(const std::string& bridge_tcp_addr,
      | [01;35m[K^~~~~~~~~[m[K
In file included from [01m[K/home/olaya/ros2_ws/src/imc_ros/imc_ros_bridge/src/imc_handle.cpp:14[m[K:
[01m[K/home/olaya/ros2_ws/src/imc_ros/imc_ros_bridge/include/imc_tcp_link/imc_handle.h:28:17:[m[K [01;35m[Kwarning: [m[Kâ€˜[01m[KIMCHandle::bridge_tcp_port[m[Kâ€™ will be initialized after [[01;35m[K]8;;https://gcc.gnu.org/onlinedocs/gcc/Warning-Options.html#index-Wreorder-Wreorder]8;;[m[K]
   28 |     std::string [01;35m[Kbridge_tcp_port[m[K;
      |                 [01;35m[K^~~~~~~~~~~~~~~[m[K
[01m[K/home/olaya/ros2_ws/src/imc_ros/imc_ros_bridge/include/imc_tcp_link/imc_handle.h:24:17:[m[K [01;35m[Kwarning: [m[K  â€˜[01m[Kstd::string IMCHandle::sys_name[m[Kâ€™ [[01;35m[K]8;;https://gcc.gnu.org/onlinedocs/gcc/Warning-Options.html#index-Wreorder-Wreorder]8;;[m[K]
   24 |     std::string [01;35m[Ksys_name[m[K;
      |                 [01;35m[K^~~~~~~~[m[K
[01m[K/home/olaya/ros2_ws/src/imc_ros/imc_ros_bridge/src/imc_handle.cpp:28:1:[m[K [01;35m[Kwarning: [m[K  when initialized here [[01;35m[K]8;;https://gcc.gnu.org/onlinedocs/gcc/Warning-Options.html#index-Wreorder-Wreorder]8;;[m[K]
   28 | [01;35m[KIMCHandle[m[K::IMCHandle(const std::string& bridge_tcp_addr,
      | [01;35m[K^~~~~~~~~[m[K
gmake: *** [Makefile:146: all] Error 2
